2020/04/18 22:11:49 [INFO] Terraform version: 0.11.11  ac4fff416318bf0915a0ab80e062a99ef3724334
2020/04/18 22:11:49 [INFO] Go runtime version: go1.11.1
2020/04/18 22:11:49 [INFO] CLI args: []string{"/usr/local/bin/terraform", "apply"}
2020/04/18 22:11:49 [DEBUG] Attempting to open CLI config file: /Users/alykhimji/.terraformrc
2020/04/18 22:11:49 [DEBUG] File doesn't exist, but doesn't need to. Ignoring.
2020/04/18 22:11:49 [INFO] CLI command args: []string{"apply"}
2020/04/18 22:11:49 [INFO] command: empty terraform config, returning nil
2020/04/18 22:11:49 [DEBUG] command: no data state file found for backend config
2020/04/18 22:11:49 [DEBUG] New state was assigned lineage "3c53c9c4-15c3-cc61-8f0b-9a081be08f58"
2020/04/18 22:11:49 [INFO] command: backend initialized: <nil>
2020/04/18 22:11:49 [DEBUG] checking for provider in "."
2020/04/18 22:11:49 [WARN] found legacy provider "terraform-provider-apidemo"
2020/04/18 22:11:49 [DEBUG] checking for provider in "/usr/local/bin"
2020/04/18 22:11:49 [DEBUG] checking for provider in ".terraform/plugins/darwin_amd64"
2020/04/18 22:11:49 [DEBUG] found valid plugin: "apidemo", "0.0.0", "/Users/alykhimji/go/src/github.com/alyarctiq/terraform-provider-apidemo/tf/terraform-provider-apidemo"
2020/04/18 22:11:49 [DEBUG] checking for provisioner in "."
2020/04/18 22:11:49 [DEBUG] checking for provisioner in "/usr/local/bin"
2020/04/18 22:11:49 [DEBUG] checking for provisioner in ".terraform/plugins/darwin_amd64"
2020/04/18 22:11:49 [INFO] command: backend <nil> is not enhanced, wrapping in local
2020/04/18 22:11:49 [INFO] backend/local: starting Apply operation
2020/04/18 22:11:49 [TRACE] Preserving existing state lineage "d023d67a-4a2e-9e83-ad2a-935908ac9126"
2020/04/18 22:11:49 [TRACE] Preserving existing state lineage "d023d67a-4a2e-9e83-ad2a-935908ac9126"
2020/04/18 22:11:49 [INFO] terraform: building graph: GraphTypeInput
2020/04/18 22:11:49 [TRACE] ConfigTransformer: Starting for path: []
2020/04/18 22:11:49 [TRACE] Graph after step *terraform.ConfigTransformer:

apidemo_entry.entry - *terraform.NodeAbstractResource
2020/04/18 22:11:49 [TRACE] Graph after step *terraform.LocalTransformer:

apidemo_entry.entry - *terraform.NodeAbstractResource
2020/04/18 22:11:49 [TRACE] Graph after step *terraform.OutputTransformer:

apidemo_entry.entry - *terraform.NodeAbstractResource
2020/04/18 22:11:49 [TRACE] Graph after step *terraform.OrphanResourceTransformer:

apidemo_entry.entry - *terraform.NodeAbstractResource
2020/04/18 22:11:49 [TRACE] Graph after step *terraform.OrphanOutputTransformer:

apidemo_entry.entry - *terraform.NodeAbstractResource
2020/04/18 22:11:49 [TRACE] AttachResourceConfigTransformer: Beginning...
2020/04/18 22:11:49 [TRACE] AttachResourceConfigTransformer: Attach resource config request: apidemo_entry.entry
2020/04/18 22:11:49 [TRACE] Attaching resource config: &config.Resource{Mode:0, Name:"entry", Type:"apidemo_entry", RawCount:(*config.RawConfig)(0xc0003f0850), RawConfig:(*config.RawConfig)(0xc0003f07e0), Provisioners:[]*config.Provisioner(nil), Provider:"", DependsOn:[]string(nil), Lifecycle:config.ResourceLifecycle{CreateBeforeDestroy:false, PreventDestroy:false, IgnoreChanges:[]string(nil)}}
2020/04/18 22:11:49 [TRACE] Graph after step *terraform.AttachResourceConfigTransformer:

apidemo_entry.entry - *terraform.NodeAbstractResource
2020/04/18 22:11:49 [DEBUG] Resource state not found for "apidemo_entry.entry": apidemo_entry.entry
2020/04/18 22:11:49 [TRACE] Graph after step *terraform.AttachStateTransformer:

apidemo_entry.entry - *terraform.NodeAbstractResource
2020/04/18 22:11:49 [TRACE] Graph after step *terraform.RootVariableTransformer:

apidemo_entry.entry - *terraform.NodeAbstractResource
2020/04/18 22:11:49 [TRACE] ProviderConfigTransformer: Starting for path: []
2020/04/18 22:11:49 [TRACE] Attach provider request: []string{} apidemo
2020/04/18 22:11:49 [TRACE] Attaching provider config: *config.ProviderConfig{Name:"apidemo", Alias:"", Version:"", RawConfig:(*config.RawConfig)(0xc0003f0770)}
2020/04/18 22:11:49 [TRACE] Graph after step *terraform.ProviderConfigTransformer:

apidemo_entry.entry - *terraform.NodeAbstractResource
provider.apidemo - *terraform.NodeApplyableProvider
2020/04/18 22:11:49 [TRACE] Graph after step *terraform.MissingProviderTransformer:

apidemo_entry.entry - *terraform.NodeAbstractResource
provider.apidemo - *terraform.NodeApplyableProvider
2020/04/18 22:11:49 [DEBUG] resource apidemo_entry.entry using provider provider.apidemo
2020/04/18 22:11:49 [TRACE] Graph after step *terraform.ProviderTransformer:

apidemo_entry.entry - *terraform.NodeAbstractResource
  provider.apidemo - *terraform.NodeApplyableProvider
provider.apidemo - *terraform.NodeApplyableProvider
2020/04/18 22:11:49 [TRACE] Graph after step *terraform.PruneProviderTransformer:

apidemo_entry.entry - *terraform.NodeAbstractResource
  provider.apidemo - *terraform.NodeApplyableProvider
provider.apidemo - *terraform.NodeApplyableProvider
2020/04/18 22:11:49 [TRACE] Graph after step *terraform.ParentProviderTransformer:

apidemo_entry.entry - *terraform.NodeAbstractResource
  provider.apidemo - *terraform.NodeApplyableProvider
provider.apidemo - *terraform.NodeApplyableProvider
2020/04/18 22:11:49 [TRACE] Graph after step *terraform.graphTransformerMulti:

apidemo_entry.entry - *terraform.NodeAbstractResource
  provider.apidemo - *terraform.NodeApplyableProvider
provider.apidemo - *terraform.NodeApplyableProvider
2020/04/18 22:11:49 [TRACE] Graph after step *terraform.ModuleVariableTransformer:

apidemo_entry.entry - *terraform.NodeAbstractResource
  provider.apidemo - *terraform.NodeApplyableProvider
provider.apidemo - *terraform.NodeApplyableProvider
2020/04/18 22:11:49 [TRACE] Graph after step *terraform.RemovedModuleTransformer:

apidemo_entry.entry - *terraform.NodeAbstractResource
  provider.apidemo - *terraform.NodeApplyableProvider
provider.apidemo - *terraform.NodeApplyableProvider
2020/04/18 22:11:49 [DEBUG] ReferenceTransformer: "apidemo_entry.entry" references: []
2020/04/18 22:11:49 [DEBUG] ReferenceTransformer: "provider.apidemo" references: []
2020/04/18 22:11:49 [TRACE] Graph after step *terraform.ReferenceTransformer:

apidemo_entry.entry - *terraform.NodeAbstractResource
  provider.apidemo - *terraform.NodeApplyableProvider
provider.apidemo - *terraform.NodeApplyableProvider
2020/04/18 22:11:49 [TRACE] Graph after step *terraform.CountBoundaryTransformer:

apidemo_entry.entry - *terraform.NodeAbstractResource
  provider.apidemo - *terraform.NodeApplyableProvider
meta.count-boundary (count boundary fixup) - *terraform.NodeCountBoundary
  apidemo_entry.entry - *terraform.NodeAbstractResource
  provider.apidemo - *terraform.NodeApplyableProvider
provider.apidemo - *terraform.NodeApplyableProvider
2020/04/18 22:11:49 [TRACE] Graph after step *terraform.TargetsTransformer:

apidemo_entry.entry - *terraform.NodeAbstractResource
  provider.apidemo - *terraform.NodeApplyableProvider
meta.count-boundary (count boundary fixup) - *terraform.NodeCountBoundary
  apidemo_entry.entry - *terraform.NodeAbstractResource
  provider.apidemo - *terraform.NodeApplyableProvider
provider.apidemo - *terraform.NodeApplyableProvider
2020/04/18 22:11:49 [TRACE] Graph after step *terraform.CloseProviderTransformer:

apidemo_entry.entry - *terraform.NodeAbstractResource
  provider.apidemo - *terraform.NodeApplyableProvider
meta.count-boundary (count boundary fixup) - *terraform.NodeCountBoundary
  apidemo_entry.entry - *terraform.NodeAbstractResource
  provider.apidemo - *terraform.NodeApplyableProvider
provider.apidemo - *terraform.NodeApplyableProvider
provider.apidemo (close) - *terraform.graphNodeCloseProvider
  apidemo_entry.entry - *terraform.NodeAbstractResource
  provider.apidemo - *terraform.NodeApplyableProvider
2020/04/18 22:11:49 [TRACE] Graph after step *terraform.CloseProvisionerTransformer:

apidemo_entry.entry - *terraform.NodeAbstractResource
  provider.apidemo - *terraform.NodeApplyableProvider
meta.count-boundary (count boundary fixup) - *terraform.NodeCountBoundary
  apidemo_entry.entry - *terraform.NodeAbstractResource
  provider.apidemo - *terraform.NodeApplyableProvider
provider.apidemo - *terraform.NodeApplyableProvider
provider.apidemo (close) - *terraform.graphNodeCloseProvider
  apidemo_entry.entry - *terraform.NodeAbstractResource
  provider.apidemo - *terraform.NodeApplyableProvider
2020/04/18 22:11:49 [TRACE] Graph after step *terraform.RootTransformer:

apidemo_entry.entry - *terraform.NodeAbstractResource
  provider.apidemo - *terraform.NodeApplyableProvider
meta.count-boundary (count boundary fixup) - *terraform.NodeCountBoundary
  apidemo_entry.entry - *terraform.NodeAbstractResource
  provider.apidemo - *terraform.NodeApplyableProvider
provider.apidemo - *terraform.NodeApplyableProvider
provider.apidemo (close) - *terraform.graphNodeCloseProvider
  apidemo_entry.entry - *terraform.NodeAbstractResource
  provider.apidemo - *terraform.NodeApplyableProvider
root - terraform.graphNodeRoot
  meta.count-boundary (count boundary fixup) - *terraform.NodeCountBoundary
  provider.apidemo (close) - *terraform.graphNodeCloseProvider
2020/04/18 22:11:49 [TRACE] Graph after step *terraform.TransitiveReductionTransformer:

apidemo_entry.entry - *terraform.NodeAbstractResource
  provider.apidemo - *terraform.NodeApplyableProvider
meta.count-boundary (count boundary fixup) - *terraform.NodeCountBoundary
  apidemo_entry.entry - *terraform.NodeAbstractResource
provider.apidemo - *terraform.NodeApplyableProvider
provider.apidemo (close) - *terraform.graphNodeCloseProvider
  apidemo_entry.entry - *terraform.NodeAbstractResource
root - terraform.graphNodeRoot
  meta.count-boundary (count boundary fixup) - *terraform.NodeCountBoundary
  provider.apidemo (close) - *terraform.graphNodeCloseProvider
2020/04/18 22:11:49 [DEBUG] Starting graph walk: walkInput
2020/04/18 22:11:49 [TRACE] dag/walk: added new vertex: "provider.apidemo (close)"
2020/04/18 22:11:49 [TRACE] dag/walk: added new vertex: "root"
2020/04/18 22:11:49 [TRACE] dag/walk: added new vertex: "apidemo_entry.entry"
2020/04/18 22:11:49 [TRACE] dag/walk: added new vertex: "provider.apidemo"
2020/04/18 22:11:49 [TRACE] dag/walk: added new vertex: "meta.count-boundary (count boundary fixup)"
2020/04/18 22:11:49 [TRACE] dag/walk: added edge: "meta.count-boundary (count boundary fixup)" waiting on "apidemo_entry.entry"
2020/04/18 22:11:49 [TRACE] dag/walk: added edge: "provider.apidemo (close)" waiting on "apidemo_entry.entry"
2020/04/18 22:11:49 [TRACE] dag/walk: added edge: "root" waiting on "meta.count-boundary (count boundary fixup)"
2020/04/18 22:11:49 [TRACE] dag/walk: added edge: "root" waiting on "provider.apidemo (close)"
2020/04/18 22:11:49 [TRACE] dag/walk: added edge: "apidemo_entry.entry" waiting on "provider.apidemo"
2020/04/18 22:11:49 [TRACE] dag/walk: dependencies changed for "meta.count-boundary (count boundary fixup)", sending new deps
2020/04/18 22:11:49 [TRACE] dag/walk: dependencies changed for "provider.apidemo (close)", sending new deps
2020/04/18 22:11:49 [TRACE] dag/walk: dependencies changed for "root", sending new deps
2020/04/18 22:11:49 [TRACE] dag/walk: dependencies changed for "apidemo_entry.entry", sending new deps
2020/04/18 22:11:49 [TRACE] dag/walk: walking "provider.apidemo"
2020/04/18 22:11:49 [TRACE] vertex 'root.provider.apidemo': walking
2020/04/18 22:11:49 [TRACE] vertex 'root.provider.apidemo': evaluating
2020/04/18 22:11:49 [TRACE] [walkInput] Entering eval tree: provider.apidemo
2020/04/18 22:11:49 [TRACE] root: eval: *terraform.EvalSequence
2020/04/18 22:11:49 [TRACE] root: eval: *terraform.EvalInitProvider
2020-04-18T22:11:49.710-0400 [DEBUG] plugin: starting plugin: path=/Users/alykhimji/go/src/github.com/alyarctiq/terraform-provider-apidemo/tf/terraform-provider-apidemo args=[/Users/alykhimji/go/src/github.com/alyarctiq/terraform-provider-apidemo/tf/terraform-provider-apidemo]
2020-04-18T22:11:49.714-0400 [DEBUG] plugin: waiting for RPC address: path=/Users/alykhimji/go/src/github.com/alyarctiq/terraform-provider-apidemo/tf/terraform-provider-apidemo
2020-04-18T22:11:49.736-0400 [DEBUG] plugin.terraform-provider-apidemo: plugin address: timestamp=2020-04-18T22:11:49.736-0400 address=/var/folders/c8/xhgkdfln2sd4tq0qmqhbcqw40000gn/T/plugin477901833 network=unix
2020/04/18 22:11:49 [TRACE] root: eval: *terraform.EvalOpFilter
2020/04/18 22:11:49 [TRACE] root: eval: *terraform.EvalSequence
2020/04/18 22:11:49 [TRACE] root: eval: *terraform.EvalGetProvider
2020/04/18 22:11:49 [TRACE] root: eval: *terraform.EvalInterpolateProvider
2020/04/18 22:11:49 [TRACE] root: eval: *terraform.EvalBuildProviderConfig
2020/04/18 22:11:49 [TRACE] root: eval: *terraform.EvalInputProvider
2020/04/18 22:11:49 [TRACE] root: eval: terraform.EvalNoop
2020/04/18 22:11:49 [TRACE] root: eval: terraform.EvalNoop
2020/04/18 22:11:49 [TRACE] root: eval: terraform.EvalNoop
2020/04/18 22:11:49 [TRACE] [walkInput] Exiting eval tree: provider.apidemo
2020/04/18 22:11:49 [TRACE] dag/walk: walking "apidemo_entry.entry"
2020/04/18 22:11:49 [TRACE] vertex 'root.apidemo_entry.entry': walking
2020/04/18 22:11:49 [TRACE] dag/walk: walking "provider.apidemo (close)"
2020/04/18 22:11:49 [TRACE] vertex 'root.provider.apidemo (close)': walking
2020/04/18 22:11:49 [TRACE] vertex 'root.provider.apidemo (close)': evaluating
2020/04/18 22:11:49 [TRACE] dag/walk: walking "meta.count-boundary (count boundary fixup)"
2020/04/18 22:11:49 [TRACE] [walkInput] Entering eval tree: provider.apidemo (close)
2020/04/18 22:11:49 [TRACE] vertex 'root.meta.count-boundary (count boundary fixup)': walking
2020/04/18 22:11:49 [TRACE] root: eval: *terraform.EvalCloseProvider
2020/04/18 22:11:49 [TRACE] [walkInput] Exiting eval tree: provider.apidemo (close)
2020/04/18 22:11:49 [TRACE] vertex 'root.meta.count-boundary (count boundary fixup)': evaluating
2020/04/18 22:11:49 [TRACE] [walkInput] Entering eval tree: meta.count-boundary (count boundary fixup)
2020/04/18 22:11:49 [TRACE] root: eval: *terraform.EvalCountFixZeroOneBoundaryGlobal
2020/04/18 22:11:49 [TRACE] [walkInput] Exiting eval tree: meta.count-boundary (count boundary fixup)
2020/04/18 22:11:49 [TRACE] dag/walk: walking "root"
2020/04/18 22:11:49 [TRACE] vertex 'root.root': walking
2020/04/18 22:11:49 [INFO] terraform: building graph: GraphTypeValidate
2020/04/18 22:11:49 [TRACE] ConfigTransformer: Starting for path: []
2020/04/18 22:11:49 [TRACE] Graph after step *terraform.ConfigTransformer:

apidemo_entry.entry - *terraform.NodeValidatableResource
2020/04/18 22:11:49 [TRACE] Graph after step *terraform.LocalTransformer:

apidemo_entry.entry - *terraform.NodeValidatableResource
2020/04/18 22:11:49 [TRACE] Graph after step *terraform.OutputTransformer:

apidemo_entry.entry - *terraform.NodeValidatableResource
2020/04/18 22:11:49 [TRACE] Graph after step *terraform.OrphanResourceTransformer:

apidemo_entry.entry - *terraform.NodeValidatableResource
2020/04/18 22:11:49 [TRACE] Graph after step *terraform.OrphanOutputTransformer:

apidemo_entry.entry - *terraform.NodeValidatableResource
2020/04/18 22:11:49 [TRACE] AttachResourceConfigTransformer: Beginning...
2020/04/18 22:11:49 [TRACE] AttachResourceConfigTransformer: Attach resource config request: apidemo_entry.entry
2020/04/18 22:11:49 [TRACE] Attaching resource config: &config.Resource{Mode:0, Name:"entry", Type:"apidemo_entry", RawCount:(*config.RawConfig)(0xc0003f0850), RawConfig:(*config.RawConfig)(0xc0003f07e0), Provisioners:[]*config.Provisioner(nil), Provider:"", DependsOn:[]string(nil), Lifecycle:config.ResourceLifecycle{CreateBeforeDestroy:false, PreventDestroy:false, IgnoreChanges:[]string(nil)}}
2020/04/18 22:11:49 [TRACE] Graph after step *terraform.AttachResourceConfigTransformer:

apidemo_entry.entry - *terraform.NodeValidatableResource
2020/04/18 22:11:49 [DEBUG] Resource state not found for "apidemo_entry.entry": apidemo_entry.entry
2020/04/18 22:11:49 [TRACE] Graph after step *terraform.AttachStateTransformer:

apidemo_entry.entry - *terraform.NodeValidatableResource
2020/04/18 22:11:49 [TRACE] Graph after step *terraform.RootVariableTransformer:

apidemo_entry.entry - *terraform.NodeValidatableResource
2020/04/18 22:11:49 [TRACE] ProviderConfigTransformer: Starting for path: []
2020/04/18 22:11:49 [TRACE] Attach provider request: []string{} apidemo
2020/04/18 22:11:49 [TRACE] Attaching provider config: *config.ProviderConfig{Name:"apidemo", Alias:"", Version:"", RawConfig:(*config.RawConfig)(0xc0003f0770)}
2020/04/18 22:11:49 [TRACE] Graph after step *terraform.ProviderConfigTransformer:

apidemo_entry.entry - *terraform.NodeValidatableResource
provider.apidemo - *terraform.NodeApplyableProvider
2020/04/18 22:11:49 [TRACE] Graph after step *terraform.MissingProviderTransformer:

apidemo_entry.entry - *terraform.NodeValidatableResource
provider.apidemo - *terraform.NodeApplyableProvider
2020/04/18 22:11:49 [DEBUG] resource apidemo_entry.entry using provider provider.apidemo
2020/04/18 22:11:49 [TRACE] Graph after step *terraform.ProviderTransformer:

apidemo_entry.entry - *terraform.NodeValidatableResource
  provider.apidemo - *terraform.NodeApplyableProvider
provider.apidemo - *terraform.NodeApplyableProvider
2020/04/18 22:11:49 [TRACE] Graph after step *terraform.PruneProviderTransformer:

apidemo_entry.entry - *terraform.NodeValidatableResource
  provider.apidemo - *terraform.NodeApplyableProvider
provider.apidemo - *terraform.NodeApplyableProvider
2020/04/18 22:11:49 [TRACE] Graph after step *terraform.ParentProviderTransformer:

apidemo_entry.entry - *terraform.NodeValidatableResource
  provider.apidemo - *terraform.NodeApplyableProvider
provider.apidemo - *terraform.NodeApplyableProvider
2020/04/18 22:11:49 [TRACE] Graph after step *terraform.graphTransformerMulti:

apidemo_entry.entry - *terraform.NodeValidatableResource
  provider.apidemo - *terraform.NodeApplyableProvider
provider.apidemo - *terraform.NodeApplyableProvider
2020/04/18 22:11:49 [TRACE] Graph after step *terraform.MissingProvisionerTransformer:

apidemo_entry.entry - *terraform.NodeValidatableResource
  provider.apidemo - *terraform.NodeApplyableProvider
provider.apidemo - *terraform.NodeApplyableProvider
2020/04/18 22:11:49 [TRACE] Graph after step *terraform.ProvisionerTransformer:

apidemo_entry.entry - *terraform.NodeValidatableResource
  provider.apidemo - *terraform.NodeApplyableProvider
provider.apidemo - *terraform.NodeApplyableProvider
2020/04/18 22:11:49 [TRACE] Graph after step *terraform.graphTransformerMulti:

apidemo_entry.entry - *terraform.NodeValidatableResource
  provider.apidemo - *terraform.NodeApplyableProvider
provider.apidemo - *terraform.NodeApplyableProvider
2020/04/18 22:11:49 [TRACE] Graph after step *terraform.ModuleVariableTransformer:

apidemo_entry.entry - *terraform.NodeValidatableResource
  provider.apidemo - *terraform.NodeApplyableProvider
provider.apidemo - *terraform.NodeApplyableProvider
2020/04/18 22:11:49 [TRACE] Graph after step *terraform.RemovedModuleTransformer:

apidemo_entry.entry - *terraform.NodeValidatableResource
  provider.apidemo - *terraform.NodeApplyableProvider
provider.apidemo - *terraform.NodeApplyableProvider
2020/04/18 22:11:49 [DEBUG] ReferenceTransformer: "apidemo_entry.entry" references: []
2020/04/18 22:11:49 [DEBUG] ReferenceTransformer: "provider.apidemo" references: []
2020/04/18 22:11:49 [TRACE] Graph after step *terraform.ReferenceTransformer:

apidemo_entry.entry - *terraform.NodeValidatableResource
  provider.apidemo - *terraform.NodeApplyableProvider
provider.apidemo - *terraform.NodeApplyableProvider
2020/04/18 22:11:49 [TRACE] Graph after step *terraform.CountBoundaryTransformer:

apidemo_entry.entry - *terraform.NodeValidatableResource
  provider.apidemo - *terraform.NodeApplyableProvider
meta.count-boundary (count boundary fixup) - *terraform.NodeCountBoundary
  apidemo_entry.entry - *terraform.NodeValidatableResource
  provider.apidemo - *terraform.NodeApplyableProvider
provider.apidemo - *terraform.NodeApplyableProvider
2020/04/18 22:11:49 [TRACE] Graph after step *terraform.TargetsTransformer:

apidemo_entry.entry - *terraform.NodeValidatableResource
  provider.apidemo - *terraform.NodeApplyableProvider
meta.count-boundary (count boundary fixup) - *terraform.NodeCountBoundary
  apidemo_entry.entry - *terraform.NodeValidatableResource
  provider.apidemo - *terraform.NodeApplyableProvider
provider.apidemo - *terraform.NodeApplyableProvider
2020/04/18 22:11:49 [TRACE] Graph after step *terraform.CloseProviderTransformer:

apidemo_entry.entry - *terraform.NodeValidatableResource
  provider.apidemo - *terraform.NodeApplyableProvider
meta.count-boundary (count boundary fixup) - *terraform.NodeCountBoundary
  apidemo_entry.entry - *terraform.NodeValidatableResource
  provider.apidemo - *terraform.NodeApplyableProvider
provider.apidemo - *terraform.NodeApplyableProvider
provider.apidemo (close) - *terraform.graphNodeCloseProvider
  apidemo_entry.entry - *terraform.NodeValidatableResource
  provider.apidemo - *terraform.NodeApplyableProvider
2020/04/18 22:11:49 [TRACE] Graph after step *terraform.CloseProvisionerTransformer:

apidemo_entry.entry - *terraform.NodeValidatableResource
  provider.apidemo - *terraform.NodeApplyableProvider
meta.count-boundary (count boundary fixup) - *terraform.NodeCountBoundary
  apidemo_entry.entry - *terraform.NodeValidatableResource
  provider.apidemo - *terraform.NodeApplyableProvider
provider.apidemo - *terraform.NodeApplyableProvider
provider.apidemo (close) - *terraform.graphNodeCloseProvider
  apidemo_entry.entry - *terraform.NodeValidatableResource
  provider.apidemo - *terraform.NodeApplyableProvider
2020/04/18 22:11:49 [TRACE] Graph after step *terraform.RootTransformer:

apidemo_entry.entry - *terraform.NodeValidatableResource
  provider.apidemo - *terraform.NodeApplyableProvider
meta.count-boundary (count boundary fixup) - *terraform.NodeCountBoundary
  apidemo_entry.entry - *terraform.NodeValidatableResource
  provider.apidemo - *terraform.NodeApplyableProvider
provider.apidemo - *terraform.NodeApplyableProvider
provider.apidemo (close) - *terraform.graphNodeCloseProvider
  apidemo_entry.entry - *terraform.NodeValidatableResource
  provider.apidemo - *terraform.NodeApplyableProvider
root - terraform.graphNodeRoot
  meta.count-boundary (count boundary fixup) - *terraform.NodeCountBoundary
  provider.apidemo (close) - *terraform.graphNodeCloseProvider
2020/04/18 22:11:49 [TRACE] Graph after step *terraform.TransitiveReductionTransformer:

apidemo_entry.entry - *terraform.NodeValidatableResource
  provider.apidemo - *terraform.NodeApplyableProvider
meta.count-boundary (count boundary fixup) - *terraform.NodeCountBoundary
  apidemo_entry.entry - *terraform.NodeValidatableResource
provider.apidemo - *terraform.NodeApplyableProvider
provider.apidemo (close) - *terraform.graphNodeCloseProvider
  apidemo_entry.entry - *terraform.NodeValidatableResource
root - terraform.graphNodeRoot
  meta.count-boundary (count boundary fixup) - *terraform.NodeCountBoundary
  provider.apidemo (close) - *terraform.graphNodeCloseProvider
2020/04/18 22:11:49 [DEBUG] Starting graph walk: walkValidate
2020/04/18 22:11:49 [TRACE] dag/walk: added new vertex: "meta.count-boundary (count boundary fixup)"
2020/04/18 22:11:49 [TRACE] dag/walk: added new vertex: "provider.apidemo (close)"
2020/04/18 22:11:49 [TRACE] dag/walk: added new vertex: "root"
2020/04/18 22:11:49 [TRACE] dag/walk: added new vertex: "apidemo_entry.entry"
2020/04/18 22:11:49 [TRACE] dag/walk: added new vertex: "provider.apidemo"
2020/04/18 22:11:49 [TRACE] dag/walk: added edge: "provider.apidemo (close)" waiting on "apidemo_entry.entry"
2020/04/18 22:11:49 [TRACE] dag/walk: added edge: "root" waiting on "meta.count-boundary (count boundary fixup)"
2020/04/18 22:11:49 [TRACE] dag/walk: added edge: "root" waiting on "provider.apidemo (close)"
2020/04/18 22:11:49 [TRACE] dag/walk: added edge: "apidemo_entry.entry" waiting on "provider.apidemo"
2020/04/18 22:11:49 [TRACE] dag/walk: added edge: "meta.count-boundary (count boundary fixup)" waiting on "apidemo_entry.entry"
2020/04/18 22:11:49 [TRACE] dag/walk: dependencies changed for "provider.apidemo (close)", sending new deps
2020/04/18 22:11:49 [TRACE] dag/walk: dependencies changed for "root", sending new deps
2020/04/18 22:11:49 [TRACE] dag/walk: dependencies changed for "apidemo_entry.entry", sending new deps
2020/04/18 22:11:49 [TRACE] dag/walk: dependencies changed for "meta.count-boundary (count boundary fixup)", sending new deps
2020/04/18 22:11:49 [TRACE] dag/walk: walking "provider.apidemo"
2020/04/18 22:11:49 [TRACE] vertex 'root.provider.apidemo': walking
2020/04/18 22:11:49 [TRACE] vertex 'root.provider.apidemo': evaluating
2020/04/18 22:11:49 [TRACE] [walkValidate] Entering eval tree: provider.apidemo
2020/04/18 22:11:49 [TRACE] root: eval: *terraform.EvalSequence
2020/04/18 22:11:49 [TRACE] root: eval: *terraform.EvalInitProvider
2020/04/18 22:11:49 [TRACE] root: eval: terraform.EvalNoop
2020/04/18 22:11:49 [TRACE] root: eval: *terraform.EvalOpFilter
2020/04/18 22:11:49 [TRACE] root: eval: *terraform.EvalSequence
2020/04/18 22:11:49 [TRACE] root: eval: *terraform.EvalGetProvider
2020/04/18 22:11:49 [TRACE] root: eval: *terraform.EvalInterpolateProvider
2020/04/18 22:11:49 [TRACE] root: eval: *terraform.EvalBuildProviderConfig
2020/04/18 22:11:49 [TRACE] root: eval: *terraform.EvalValidateProvider
2020/04/18 22:11:49 [TRACE] root: eval: terraform.EvalNoop
2020/04/18 22:11:49 [TRACE] root: eval: terraform.EvalNoop
2020/04/18 22:11:49 [TRACE] [walkValidate] Exiting eval tree: provider.apidemo
2020/04/18 22:11:49 [TRACE] dag/walk: walking "apidemo_entry.entry"
2020/04/18 22:11:49 [TRACE] vertex 'root.apidemo_entry.entry': walking
2020/04/18 22:11:49 [TRACE] vertex 'root.apidemo_entry.entry': evaluating
2020/04/18 22:11:49 [TRACE] [walkValidate] Entering eval tree: apidemo_entry.entry
2020/04/18 22:11:49 [TRACE] root: eval: *terraform.EvalSequence
2020/04/18 22:11:49 [TRACE] root: eval: *terraform.EvalInterpolate
2020/04/18 22:11:49 [TRACE] root: eval: *terraform.EvalIf
2020/04/18 22:11:49 [TRACE] root: eval: *terraform.EvalValidateCount
2020/04/18 22:11:49 [TRACE] root: eval: *terraform.EvalCountFixZeroOneBoundary
2020/04/18 22:11:49 [TRACE] [walkValidate] Exiting eval tree: apidemo_entry.entry
2020/04/18 22:11:49 [TRACE] vertex 'root.apidemo_entry.entry': expanding/walking dynamic subgraph
2020/04/18 22:11:49 [TRACE] Graph after step *terraform.ResourceCountTransformer:

apidemo_entry.entry - *terraform.NodeValidatableResourceInstance
2020/04/18 22:11:49 [DEBUG] Resource state not found for "apidemo_entry.entry": apidemo_entry.entry
2020/04/18 22:11:49 [TRACE] Graph after step *terraform.AttachStateTransformer:

apidemo_entry.entry - *terraform.NodeValidatableResourceInstance
2020/04/18 22:11:49 [TRACE] Graph after step *terraform.TargetsTransformer:

apidemo_entry.entry - *terraform.NodeValidatableResourceInstance
2020/04/18 22:11:49 [DEBUG] ReferenceTransformer: "apidemo_entry.entry" references: []
2020/04/18 22:11:49 [TRACE] Graph after step *terraform.ReferenceTransformer:

apidemo_entry.entry - *terraform.NodeValidatableResourceInstance
2020/04/18 22:11:49 [TRACE] Graph after step *terraform.RootTransformer:

apidemo_entry.entry - *terraform.NodeValidatableResourceInstance
2020/04/18 22:11:49 [TRACE] dag/walk: added new vertex: "apidemo_entry.entry"
2020/04/18 22:11:49 [TRACE] dag/walk: walking "apidemo_entry.entry"
2020/04/18 22:11:49 [TRACE] vertex 'root.apidemo_entry.entry': walking
2020/04/18 22:11:49 [TRACE] vertex 'root.apidemo_entry.entry': evaluating
2020/04/18 22:11:49 [TRACE] [walkValidate] Entering eval tree: apidemo_entry.entry
2020/04/18 22:11:49 [TRACE] root: eval: *terraform.EvalSequence
2020/04/18 22:11:49 [TRACE] root: eval: *terraform.EvalValidateResourceSelfRef
2020/04/18 22:11:49 [TRACE] root: eval: *terraform.EvalGetProvider
2020/04/18 22:11:49 [TRACE] root: eval: *terraform.EvalInterpolate
2020/04/18 22:11:49 [TRACE] root: eval: *terraform.EvalValidateResource
2020/04/18 22:11:49 [TRACE] [walkValidate] Exiting eval tree: apidemo_entry.entry
2020/04/18 22:11:49 [TRACE] dag/walk: walking "provider.apidemo (close)"
2020/04/18 22:11:49 [TRACE] vertex 'root.provider.apidemo (close)': walking
2020/04/18 22:11:49 [TRACE] vertex 'root.provider.apidemo (close)': evaluating
2020/04/18 22:11:49 [TRACE] [walkValidate] Entering eval tree: provider.apidemo (close)
2020/04/18 22:11:49 [TRACE] dag/walk: walking "meta.count-boundary (count boundary fixup)"
2020/04/18 22:11:49 [TRACE] vertex 'root.meta.count-boundary (count boundary fixup)': walking
2020/04/18 22:11:49 [TRACE] vertex 'root.meta.count-boundary (count boundary fixup)': evaluating
2020/04/18 22:11:49 [TRACE] root: eval: *terraform.EvalCloseProvider
2020/04/18 22:11:49 [TRACE] [walkValidate] Exiting eval tree: provider.apidemo (close)
2020/04/18 22:11:49 [TRACE] [walkValidate] Entering eval tree: meta.count-boundary (count boundary fixup)
2020/04/18 22:11:49 [TRACE] root: eval: *terraform.EvalCountFixZeroOneBoundaryGlobal
2020/04/18 22:11:49 [TRACE] [walkValidate] Exiting eval tree: meta.count-boundary (count boundary fixup)
2020/04/18 22:11:49 [TRACE] dag/walk: walking "root"
2020/04/18 22:11:49 [TRACE] vertex 'root.root': walking
2020/04/18 22:11:49 [INFO] backend/local: apply calling Refresh
2020/04/18 22:11:49 [INFO] terraform: building graph: GraphTypeRefresh
2020/04/18 22:11:49 [TRACE] No managed resources in state during refresh, skipping managed resource transformer
2020/04/18 22:11:49 [TRACE] ConfigTransformer: Starting for path: []
2020/04/18 22:11:49 [TRACE] Graph after step *terraform.ConfigTransformer:

2020/04/18 22:11:49 [TRACE] Graph after step *terraform.OrphanResourceTransformer:

2020/04/18 22:11:49 [TRACE] Graph after step *terraform.AttachStateTransformer:

2020/04/18 22:11:49 [TRACE] AttachResourceConfigTransformer: Beginning...
2020/04/18 22:11:49 [TRACE] Graph after step *terraform.AttachResourceConfigTransformer:

2020/04/18 22:11:49 [TRACE] Graph after step *terraform.RootVariableTransformer:

2020/04/18 22:11:49 [TRACE] ProviderConfigTransformer: Starting for path: []
2020/04/18 22:11:49 [TRACE] Attach provider request: []string{} apidemo
2020/04/18 22:11:49 [TRACE] Attaching provider config: *config.ProviderConfig{Name:"apidemo", Alias:"", Version:"", RawConfig:(*config.RawConfig)(0xc0003f0770)}
2020/04/18 22:11:49 [TRACE] Graph after step *terraform.ProviderConfigTransformer:

provider.apidemo - *terraform.NodeApplyableProvider
2020/04/18 22:11:49 [TRACE] Graph after step *terraform.MissingProviderTransformer:

provider.apidemo - *terraform.NodeApplyableProvider
2020/04/18 22:11:49 [TRACE] Graph after step *terraform.ProviderTransformer:

provider.apidemo - *terraform.NodeApplyableProvider
2020/04/18 22:11:49 [DEBUG] pruning unused provider provider.apidemo
2020/04/18 22:11:49 [TRACE] Graph after step *terraform.PruneProviderTransformer:

2020/04/18 22:11:49 [TRACE] Graph after step *terraform.ParentProviderTransformer:

2020/04/18 22:11:49 [TRACE] Graph after step *terraform.graphTransformerMulti:

2020/04/18 22:11:49 [TRACE] Graph after step *terraform.LocalTransformer:

2020/04/18 22:11:49 [TRACE] Graph after step *terraform.OutputTransformer:

2020/04/18 22:11:49 [TRACE] Graph after step *terraform.ModuleVariableTransformer:

2020/04/18 22:11:49 [TRACE] Graph after step *terraform.ReferenceTransformer:

2020/04/18 22:11:49 [TRACE] Graph after step *terraform.TargetsTransformer:

2020/04/18 22:11:49 [TRACE] Graph after step *terraform.CloseProviderTransformer:

2020/04/18 22:11:49 [TRACE] Graph after step *terraform.RootTransformer:

root - terraform.graphNodeRoot
2020/04/18 22:11:49 [TRACE] Graph after step *terraform.TransitiveReductionTransformer:

root - terraform.graphNodeRoot
2020/04/18 22:11:49 [DEBUG] Starting graph walk: walkRefresh
2020/04/18 22:11:49 [TRACE] dag/walk: added new vertex: "root"
2020/04/18 22:11:49 [TRACE] dag/walk: walking "root"
2020/04/18 22:11:49 [TRACE] vertex 'root.root': walking
2020/04/18 22:11:49 [INFO] backend/local: apply calling Plan
2020/04/18 22:11:49 [INFO] terraform: building graph: GraphTypePlan
2020/04/18 22:11:49 [TRACE] ConfigTransformer: Starting for path: []
2020/04/18 22:11:49 [TRACE] Graph after step *terraform.ConfigTransformer:

apidemo_entry.entry - *terraform.NodePlannableResource
2020/04/18 22:11:49 [TRACE] Graph after step *terraform.LocalTransformer:

apidemo_entry.entry - *terraform.NodePlannableResource
2020/04/18 22:11:49 [TRACE] Graph after step *terraform.OutputTransformer:

apidemo_entry.entry - *terraform.NodePlannableResource
2020/04/18 22:11:49 [TRACE] Graph after step *terraform.OrphanResourceTransformer:

apidemo_entry.entry - *terraform.NodePlannableResource
2020/04/18 22:11:49 [TRACE] Graph after step *terraform.OrphanOutputTransformer:

apidemo_entry.entry - *terraform.NodePlannableResource
2020/04/18 22:11:49 [TRACE] AttachResourceConfigTransformer: Beginning...
2020/04/18 22:11:49 [TRACE] AttachResourceConfigTransformer: Attach resource config request: apidemo_entry.entry
2020/04/18 22:11:49 [TRACE] Attaching resource config: &config.Resource{Mode:0, Name:"entry", Type:"apidemo_entry", RawCount:(*config.RawConfig)(0xc0003f0850), RawConfig:(*config.RawConfig)(0xc0003f07e0), Provisioners:[]*config.Provisioner(nil), Provider:"", DependsOn:[]string(nil), Lifecycle:config.ResourceLifecycle{CreateBeforeDestroy:false, PreventDestroy:false, IgnoreChanges:[]string(nil)}}
2020/04/18 22:11:49 [TRACE] Graph after step *terraform.AttachResourceConfigTransformer:

apidemo_entry.entry - *terraform.NodePlannableResource
2020/04/18 22:11:49 [DEBUG] Resource state not found for "apidemo_entry.entry": apidemo_entry.entry
2020/04/18 22:11:49 [TRACE] Graph after step *terraform.AttachStateTransformer:

apidemo_entry.entry - *terraform.NodePlannableResource
2020/04/18 22:11:49 [TRACE] Graph after step *terraform.RootVariableTransformer:

apidemo_entry.entry - *terraform.NodePlannableResource
2020/04/18 22:11:49 [TRACE] ProviderConfigTransformer: Starting for path: []
2020/04/18 22:11:49 [TRACE] Attach provider request: []string{} apidemo
2020/04/18 22:11:49 [TRACE] Attaching provider config: *config.ProviderConfig{Name:"apidemo", Alias:"", Version:"", RawConfig:(*config.RawConfig)(0xc0003f0770)}
2020/04/18 22:11:49 [TRACE] Graph after step *terraform.ProviderConfigTransformer:

apidemo_entry.entry - *terraform.NodePlannableResource
provider.apidemo - *terraform.NodeApplyableProvider
2020/04/18 22:11:49 [TRACE] Graph after step *terraform.MissingProviderTransformer:

apidemo_entry.entry - *terraform.NodePlannableResource
provider.apidemo - *terraform.NodeApplyableProvider
2020/04/18 22:11:49 [DEBUG] resource apidemo_entry.entry using provider provider.apidemo
2020/04/18 22:11:49 [TRACE] Graph after step *terraform.ProviderTransformer:

apidemo_entry.entry - *terraform.NodePlannableResource
  provider.apidemo - *terraform.NodeApplyableProvider
provider.apidemo - *terraform.NodeApplyableProvider
2020/04/18 22:11:49 [TRACE] Graph after step *terraform.PruneProviderTransformer:

apidemo_entry.entry - *terraform.NodePlannableResource
  provider.apidemo - *terraform.NodeApplyableProvider
provider.apidemo - *terraform.NodeApplyableProvider
2020/04/18 22:11:49 [TRACE] Graph after step *terraform.ParentProviderTransformer:

apidemo_entry.entry - *terraform.NodePlannableResource
  provider.apidemo - *terraform.NodeApplyableProvider
provider.apidemo - *terraform.NodeApplyableProvider
2020/04/18 22:11:49 [TRACE] Graph after step *terraform.graphTransformerMulti:

apidemo_entry.entry - *terraform.NodePlannableResource
  provider.apidemo - *terraform.NodeApplyableProvider
provider.apidemo - *terraform.NodeApplyableProvider
2020/04/18 22:11:49 [TRACE] Graph after step *terraform.ModuleVariableTransformer:

apidemo_entry.entry - *terraform.NodePlannableResource
  provider.apidemo - *terraform.NodeApplyableProvider
provider.apidemo - *terraform.NodeApplyableProvider
2020/04/18 22:11:49 [TRACE] Graph after step *terraform.RemovedModuleTransformer:

apidemo_entry.entry - *terraform.NodePlannableResource
  provider.apidemo - *terraform.NodeApplyableProvider
provider.apidemo - *terraform.NodeApplyableProvider
2020/04/18 22:11:49 [DEBUG] ReferenceTransformer: "apidemo_entry.entry" references: []
2020/04/18 22:11:49 [DEBUG] ReferenceTransformer: "provider.apidemo" references: []
2020/04/18 22:11:49 [TRACE] Graph after step *terraform.ReferenceTransformer:

apidemo_entry.entry - *terraform.NodePlannableResource
  provider.apidemo - *terraform.NodeApplyableProvider
provider.apidemo - *terraform.NodeApplyableProvider
2020/04/18 22:11:49 [TRACE] Graph after step *terraform.CountBoundaryTransformer:

apidemo_entry.entry - *terraform.NodePlannableResource
  provider.apidemo - *terraform.NodeApplyableProvider
meta.count-boundary (count boundary fixup) - *terraform.NodeCountBoundary
  apidemo_entry.entry - *terraform.NodePlannableResource
  provider.apidemo - *terraform.NodeApplyableProvider
provider.apidemo - *terraform.NodeApplyableProvider
2020/04/18 22:11:49 [TRACE] Graph after step *terraform.TargetsTransformer:

apidemo_entry.entry - *terraform.NodePlannableResource
  provider.apidemo - *terraform.NodeApplyableProvider
meta.count-boundary (count boundary fixup) - *terraform.NodeCountBoundary
  apidemo_entry.entry - *terraform.NodePlannableResource
  provider.apidemo - *terraform.NodeApplyableProvider
provider.apidemo - *terraform.NodeApplyableProvider
2020/04/18 22:11:49 [TRACE] Graph after step *terraform.CloseProviderTransformer:

apidemo_entry.entry - *terraform.NodePlannableResource
  provider.apidemo - *terraform.NodeApplyableProvider
meta.count-boundary (count boundary fixup) - *terraform.NodeCountBoundary
  apidemo_entry.entry - *terraform.NodePlannableResource
  provider.apidemo - *terraform.NodeApplyableProvider
provider.apidemo - *terraform.NodeApplyableProvider
provider.apidemo (close) - *terraform.graphNodeCloseProvider
  apidemo_entry.entry - *terraform.NodePlannableResource
  provider.apidemo - *terraform.NodeApplyableProvider
2020/04/18 22:11:49 [TRACE] Graph after step *terraform.CloseProvisionerTransformer:

apidemo_entry.entry - *terraform.NodePlannableResource
  provider.apidemo - *terraform.NodeApplyableProvider
meta.count-boundary (count boundary fixup) - *terraform.NodeCountBoundary
  apidemo_entry.entry - *terraform.NodePlannableResource
  provider.apidemo - *terraform.NodeApplyableProvider
provider.apidemo - *terraform.NodeApplyableProvider
provider.apidemo (close) - *terraform.graphNodeCloseProvider
  apidemo_entry.entry - *terraform.NodePlannableResource
  provider.apidemo - *terraform.NodeApplyableProvider
2020/04/18 22:11:49 [TRACE] Graph after step *terraform.RootTransformer:

apidemo_entry.entry - *terraform.NodePlannableResource
  provider.apidemo - *terraform.NodeApplyableProvider
meta.count-boundary (count boundary fixup) - *terraform.NodeCountBoundary
  apidemo_entry.entry - *terraform.NodePlannableResource
  provider.apidemo - *terraform.NodeApplyableProvider
provider.apidemo - *terraform.NodeApplyableProvider
provider.apidemo (close) - *terraform.graphNodeCloseProvider
  apidemo_entry.entry - *terraform.NodePlannableResource
  provider.apidemo - *terraform.NodeApplyableProvider
root - terraform.graphNodeRoot
  meta.count-boundary (count boundary fixup) - *terraform.NodeCountBoundary
  provider.apidemo (close) - *terraform.graphNodeCloseProvider
2020/04/18 22:11:49 [TRACE] Graph after step *terraform.TransitiveReductionTransformer:

apidemo_entry.entry - *terraform.NodePlannableResource
  provider.apidemo - *terraform.NodeApplyableProvider
meta.count-boundary (count boundary fixup) - *terraform.NodeCountBoundary
  apidemo_entry.entry - *terraform.NodePlannableResource
provider.apidemo - *terraform.NodeApplyableProvider
provider.apidemo (close) - *terraform.graphNodeCloseProvider
  apidemo_entry.entry - *terraform.NodePlannableResource
root - terraform.graphNodeRoot
  meta.count-boundary (count boundary fixup) - *terraform.NodeCountBoundary
  provider.apidemo (close) - *terraform.graphNodeCloseProvider
2020/04/18 22:11:49 [DEBUG] Starting graph walk: walkPlan
2020/04/18 22:11:49 [TRACE] dag/walk: added new vertex: "apidemo_entry.entry"
2020/04/18 22:11:49 [TRACE] dag/walk: added new vertex: "provider.apidemo"
2020/04/18 22:11:49 [TRACE] dag/walk: added new vertex: "meta.count-boundary (count boundary fixup)"
2020/04/18 22:11:49 [TRACE] dag/walk: added new vertex: "provider.apidemo (close)"
2020/04/18 22:11:49 [TRACE] dag/walk: added new vertex: "root"
2020/04/18 22:11:49 [TRACE] dag/walk: added edge: "provider.apidemo (close)" waiting on "apidemo_entry.entry"
2020/04/18 22:11:49 [TRACE] dag/walk: added edge: "root" waiting on "meta.count-boundary (count boundary fixup)"
2020/04/18 22:11:49 [TRACE] dag/walk: added edge: "root" waiting on "provider.apidemo (close)"
2020/04/18 22:11:49 [TRACE] dag/walk: added edge: "apidemo_entry.entry" waiting on "provider.apidemo"
2020/04/18 22:11:49 [TRACE] dag/walk: added edge: "meta.count-boundary (count boundary fixup)" waiting on "apidemo_entry.entry"
2020/04/18 22:11:49 [TRACE] dag/walk: dependencies changed for "provider.apidemo (close)", sending new deps
2020/04/18 22:11:49 [TRACE] dag/walk: dependencies changed for "root", sending new deps
2020/04/18 22:11:49 [TRACE] dag/walk: dependencies changed for "apidemo_entry.entry", sending new deps
2020/04/18 22:11:49 [TRACE] dag/walk: dependencies changed for "meta.count-boundary (count boundary fixup)", sending new deps
2020/04/18 22:11:49 [TRACE] dag/walk: walking "provider.apidemo"
2020/04/18 22:11:49 [TRACE] vertex 'root.provider.apidemo': walking
2020/04/18 22:11:49 [TRACE] vertex 'root.provider.apidemo': evaluating
2020/04/18 22:11:49 [TRACE] [walkPlan] Entering eval tree: provider.apidemo
2020/04/18 22:11:49 [TRACE] root: eval: *terraform.EvalSequence
2020/04/18 22:11:49 [TRACE] root: eval: *terraform.EvalInitProvider
2020/04/18 22:11:49 [TRACE] root: eval: terraform.EvalNoop
2020/04/18 22:11:49 [TRACE] root: eval: terraform.EvalNoop
2020/04/18 22:11:49 [TRACE] root: eval: *terraform.EvalOpFilter
2020/04/18 22:11:49 [TRACE] root: eval: *terraform.EvalSequence
2020/04/18 22:11:49 [TRACE] root: eval: *terraform.EvalGetProvider
2020/04/18 22:11:49 [TRACE] root: eval: *terraform.EvalInterpolateProvider
2020/04/18 22:11:49 [TRACE] root: eval: *terraform.EvalBuildProviderConfig
2020/04/18 22:11:49 [TRACE] root: eval: *terraform.EvalOpFilter
2020/04/18 22:11:49 [TRACE] root: eval: *terraform.EvalSequence
2020/04/18 22:11:49 [TRACE] root: eval: *terraform.EvalConfigProvider
2020/04/18 22:11:49 [TRACE] [walkPlan] Exiting eval tree: provider.apidemo
2020/04/18 22:11:49 [TRACE] dag/walk: walking "apidemo_entry.entry"
2020/04/18 22:11:49 [TRACE] vertex 'root.apidemo_entry.entry': walking
2020/04/18 22:11:49 [TRACE] vertex 'root.apidemo_entry.entry': evaluating
2020/04/18 22:11:49 [TRACE] [walkPlan] Entering eval tree: apidemo_entry.entry
2020/04/18 22:11:49 [TRACE] root: eval: *terraform.EvalSequence
2020/04/18 22:11:49 [TRACE] root: eval: *terraform.EvalInterpolate
2020/04/18 22:11:49 [TRACE] root: eval: *terraform.EvalCountCheckComputed
2020/04/18 22:11:49 [TRACE] root: eval: *terraform.EvalIf
2020/04/18 22:11:49 [TRACE] root: eval: *terraform.EvalCountFixZeroOneBoundary
2020/04/18 22:11:49 [TRACE] [walkPlan] Exiting eval tree: apidemo_entry.entry
2020/04/18 22:11:49 [TRACE] vertex 'root.apidemo_entry.entry': expanding/walking dynamic subgraph
2020/04/18 22:11:49 [TRACE] Graph after step *terraform.ResourceCountTransformer:

apidemo_entry.entry - *terraform.NodePlannableResourceInstance
2020/04/18 22:11:49 [TRACE] OrphanResourceCount: Starting...
2020/04/18 22:11:49 [TRACE] Graph after step *terraform.OrphanResourceCountTransformer:

apidemo_entry.entry - *terraform.NodePlannableResourceInstance
2020/04/18 22:11:49 [DEBUG] Resource state not found for "apidemo_entry.entry": apidemo_entry.entry
2020/04/18 22:11:49 [TRACE] Graph after step *terraform.AttachStateTransformer:

apidemo_entry.entry - *terraform.NodePlannableResourceInstance
2020/04/18 22:11:49 [TRACE] Graph after step *terraform.TargetsTransformer:

apidemo_entry.entry - *terraform.NodePlannableResourceInstance
2020/04/18 22:11:49 [DEBUG] ReferenceTransformer: "apidemo_entry.entry" references: []
2020/04/18 22:11:49 [TRACE] Graph after step *terraform.ReferenceTransformer:

apidemo_entry.entry - *terraform.NodePlannableResourceInstance
2020/04/18 22:11:49 [TRACE] Graph after step *terraform.RootTransformer:

apidemo_entry.entry - *terraform.NodePlannableResourceInstance
2020/04/18 22:11:49 [TRACE] dag/walk: added new vertex: "apidemo_entry.entry"
2020/04/18 22:11:49 [TRACE] dag/walk: walking "apidemo_entry.entry"
2020/04/18 22:11:49 [TRACE] vertex 'root.apidemo_entry.entry': walking
2020/04/18 22:11:49 [TRACE] vertex 'root.apidemo_entry.entry': evaluating
2020/04/18 22:11:49 [TRACE] [walkPlan] Entering eval tree: apidemo_entry.entry
2020/04/18 22:11:49 [TRACE] root: eval: *terraform.EvalSequence
2020/04/18 22:11:49 [TRACE] root: eval: *terraform.EvalInterpolate
2020/04/18 22:11:49 [TRACE] root: eval: *terraform.EvalGetProvider
2020/04/18 22:11:49 [TRACE] root: eval: *terraform.EvalValidateResource
2020/04/18 22:11:49 [TRACE] root: eval: *terraform.EvalReadState
2020/04/18 22:11:49 [TRACE] root: eval: *terraform.EvalDiff
2020/04/18 22:11:49 [TRACE] root: eval: *terraform.EvalCheckPreventDestroy
2020/04/18 22:11:49 [TRACE] root: eval: *terraform.EvalWriteState
2020/04/18 22:11:49 [TRACE] root: eval: *terraform.EvalWriteDiff
2020/04/18 22:11:49 [TRACE] [walkPlan] Exiting eval tree: apidemo_entry.entry
2020/04/18 22:11:49 [TRACE] dag/walk: walking "provider.apidemo (close)"
2020/04/18 22:11:49 [TRACE] vertex 'root.provider.apidemo (close)': walking
2020/04/18 22:11:49 [TRACE] vertex 'root.provider.apidemo (close)': evaluating
2020/04/18 22:11:49 [TRACE] [walkPlan] Entering eval tree: provider.apidemo (close)
2020/04/18 22:11:49 [TRACE] dag/walk: walking "meta.count-boundary (count boundary fixup)"
2020/04/18 22:11:49 [TRACE] vertex 'root.meta.count-boundary (count boundary fixup)': walking
2020/04/18 22:11:49 [TRACE] root: eval: *terraform.EvalCloseProvider
2020/04/18 22:11:49 [TRACE] vertex 'root.meta.count-boundary (count boundary fixup)': evaluating
2020/04/18 22:11:49 [TRACE] [walkPlan] Exiting eval tree: provider.apidemo (close)
2020/04/18 22:11:49 [TRACE] [walkPlan] Entering eval tree: meta.count-boundary (count boundary fixup)
2020/04/18 22:11:49 [TRACE] root: eval: *terraform.EvalCountFixZeroOneBoundaryGlobal
2020/04/18 22:11:49 [TRACE] [walkPlan] Exiting eval tree: meta.count-boundary (count boundary fixup)
2020/04/18 22:11:49 [TRACE] dag/walk: walking "root"
2020/04/18 22:11:49 [TRACE] vertex 'root.root': walking
2020/04/18 22:11:49 [DEBUG] command: asking for input: "Do you want to perform these actions?"
2020/04/18 22:11:51 [INFO] terraform: building graph: GraphTypeApply
2020/04/18 22:11:51 [TRACE] DiffTransformer: starting
2020/04/18 22:11:51 [TRACE] DiffTransformer: Module: CREATE: apidemo_entry.entry
  apiid:     "" => "3"
  firstname: "" => "Charles"
  lastname:  "" => "Dickens"
2020/04/18 22:11:51 [TRACE] DiffTransformer: Resource "apidemo_entry.entry": *terraform.InstanceDiff{mu:sync.Mutex{state:0, sema:0x0}, Attributes:map[string]*terraform.ResourceAttrDiff{"lastname":*terraform.ResourceAttrDiff{Old:"", New:"Dickens", NewComputed:false, NewRemoved:false, NewExtra:interface {}(nil), RequiresNew:false, Sensitive:false, Type:0x0}, "apiid":*terraform.ResourceAttrDiff{Old:"", New:"3", NewComputed:false, NewRemoved:false, NewExtra:interface {}(nil), RequiresNew:false, Sensitive:false, Type:0x0}, "firstname":*terraform.ResourceAttrDiff{Old:"", New:"Charles", NewComputed:false, NewRemoved:false, NewExtra:interface {}(nil), RequiresNew:false, Sensitive:false, Type:0x0}, "id":*terraform.ResourceAttrDiff{Old:"", New:"", NewComputed:true, NewRemoved:false, NewExtra:interface {}(nil), RequiresNew:true, Sensitive:false, Type:0x2}}, Destroy:false, DestroyDeposed:false, DestroyTainted:false, Meta:map[string]interface {}(nil)}
2020/04/18 22:11:51 [TRACE] Graph after step *terraform.DiffTransformer:

apidemo_entry.entry - *terraform.NodeApplyableResource
2020/04/18 22:11:51 [TRACE] Graph after step *terraform.OrphanOutputTransformer:

apidemo_entry.entry - *terraform.NodeApplyableResource
2020/04/18 22:11:51 [TRACE] AttachResourceConfigTransformer: Beginning...
2020/04/18 22:11:51 [TRACE] AttachResourceConfigTransformer: Attach resource config request: apidemo_entry.entry
2020/04/18 22:11:51 [TRACE] Attaching resource config: &config.Resource{Mode:0, Name:"entry", Type:"apidemo_entry", RawCount:(*config.RawConfig)(0xc0003f0850), RawConfig:(*config.RawConfig)(0xc0003f07e0), Provisioners:[]*config.Provisioner(nil), Provider:"", DependsOn:[]string(nil), Lifecycle:config.ResourceLifecycle{CreateBeforeDestroy:false, PreventDestroy:false, IgnoreChanges:[]string(nil)}}
2020/04/18 22:11:51 [TRACE] Graph after step *terraform.AttachResourceConfigTransformer:

apidemo_entry.entry - *terraform.NodeApplyableResource
2020/04/18 22:11:51 [DEBUG] Resource state not found for "apidemo_entry.entry": apidemo_entry.entry
2020/04/18 22:11:51 [TRACE] Graph after step *terraform.AttachStateTransformer:

apidemo_entry.entry - *terraform.NodeApplyableResource
2020/04/18 22:11:51 [TRACE] ProviderConfigTransformer: Starting for path: []
2020/04/18 22:11:51 [TRACE] Attach provider request: []string{} apidemo
2020/04/18 22:11:51 [TRACE] Attaching provider config: *config.ProviderConfig{Name:"apidemo", Alias:"", Version:"", RawConfig:(*config.RawConfig)(0xc0003f0770)}
2020/04/18 22:11:51 [TRACE] Graph after step *terraform.ProviderConfigTransformer:

apidemo_entry.entry - *terraform.NodeApplyableResource
provider.apidemo - *terraform.NodeApplyableProvider
2020/04/18 22:11:51 [TRACE] Graph after step *terraform.MissingProviderTransformer:

apidemo_entry.entry - *terraform.NodeApplyableResource
provider.apidemo - *terraform.NodeApplyableProvider
2020/04/18 22:11:51 [DEBUG] resource apidemo_entry.entry using provider provider.apidemo
2020/04/18 22:11:51 [TRACE] Graph after step *terraform.ProviderTransformer:

apidemo_entry.entry - *terraform.NodeApplyableResource
  provider.apidemo - *terraform.NodeApplyableProvider
provider.apidemo - *terraform.NodeApplyableProvider
2020/04/18 22:11:51 [TRACE] Graph after step *terraform.PruneProviderTransformer:

apidemo_entry.entry - *terraform.NodeApplyableResource
  provider.apidemo - *terraform.NodeApplyableProvider
provider.apidemo - *terraform.NodeApplyableProvider
2020/04/18 22:11:51 [TRACE] Graph after step *terraform.ParentProviderTransformer:

apidemo_entry.entry - *terraform.NodeApplyableResource
  provider.apidemo - *terraform.NodeApplyableProvider
provider.apidemo - *terraform.NodeApplyableProvider
2020/04/18 22:11:51 [TRACE] Graph after step *terraform.graphTransformerMulti:

apidemo_entry.entry - *terraform.NodeApplyableResource
  provider.apidemo - *terraform.NodeApplyableProvider
provider.apidemo - *terraform.NodeApplyableProvider
2020/04/18 22:11:51 [TRACE] DestroyEdgeTransformer: Beginning destroy edge transformation...
2020/04/18 22:11:51 [TRACE] Graph after step *terraform.DestroyEdgeTransformer:

apidemo_entry.entry - *terraform.NodeApplyableResource
  provider.apidemo - *terraform.NodeApplyableProvider
provider.apidemo - *terraform.NodeApplyableProvider
2020/04/18 22:11:51 [TRACE] CBDEdgeTransformer: Beginning CBD transformation...
2020/04/18 22:11:51 [TRACE] Graph after step *terraform.CBDEdgeTransformer:

apidemo_entry.entry - *terraform.NodeApplyableResource
  provider.apidemo - *terraform.NodeApplyableProvider
provider.apidemo - *terraform.NodeApplyableProvider
2020/04/18 22:11:51 [TRACE] Graph after step *terraform.MissingProvisionerTransformer:

apidemo_entry.entry - *terraform.NodeApplyableResource
  provider.apidemo - *terraform.NodeApplyableProvider
provider.apidemo - *terraform.NodeApplyableProvider
2020/04/18 22:11:51 [TRACE] Graph after step *terraform.ProvisionerTransformer:

apidemo_entry.entry - *terraform.NodeApplyableResource
  provider.apidemo - *terraform.NodeApplyableProvider
provider.apidemo - *terraform.NodeApplyableProvider
2020/04/18 22:11:51 [TRACE] Graph after step *terraform.RootVariableTransformer:

apidemo_entry.entry - *terraform.NodeApplyableResource
  provider.apidemo - *terraform.NodeApplyableProvider
provider.apidemo - *terraform.NodeApplyableProvider
2020/04/18 22:11:51 [TRACE] Graph after step *terraform.LocalTransformer:

apidemo_entry.entry - *terraform.NodeApplyableResource
  provider.apidemo - *terraform.NodeApplyableProvider
provider.apidemo - *terraform.NodeApplyableProvider
2020/04/18 22:11:51 [TRACE] Graph after step *terraform.OutputTransformer:

apidemo_entry.entry - *terraform.NodeApplyableResource
  provider.apidemo - *terraform.NodeApplyableProvider
provider.apidemo - *terraform.NodeApplyableProvider
2020/04/18 22:11:51 [TRACE] Graph after step *terraform.ModuleVariableTransformer:

apidemo_entry.entry - *terraform.NodeApplyableResource
  provider.apidemo - *terraform.NodeApplyableProvider
provider.apidemo - *terraform.NodeApplyableProvider
2020/04/18 22:11:51 [TRACE] Graph after step *terraform.RemovedModuleTransformer:

apidemo_entry.entry - *terraform.NodeApplyableResource
  provider.apidemo - *terraform.NodeApplyableProvider
provider.apidemo - *terraform.NodeApplyableProvider
2020/04/18 22:11:51 [DEBUG] ReferenceTransformer: "apidemo_entry.entry" references: []
2020/04/18 22:11:51 [DEBUG] ReferenceTransformer: "provider.apidemo" references: []
2020/04/18 22:11:51 [TRACE] Graph after step *terraform.ReferenceTransformer:

apidemo_entry.entry - *terraform.NodeApplyableResource
  provider.apidemo - *terraform.NodeApplyableProvider
provider.apidemo - *terraform.NodeApplyableProvider
2020/04/18 22:11:51 [TRACE] Graph after step *terraform.CountBoundaryTransformer:

apidemo_entry.entry - *terraform.NodeApplyableResource
  provider.apidemo - *terraform.NodeApplyableProvider
meta.count-boundary (count boundary fixup) - *terraform.NodeCountBoundary
  apidemo_entry.entry - *terraform.NodeApplyableResource
  provider.apidemo - *terraform.NodeApplyableProvider
provider.apidemo - *terraform.NodeApplyableProvider
2020/04/18 22:11:51 [TRACE] Graph after step *terraform.TargetsTransformer:

apidemo_entry.entry - *terraform.NodeApplyableResource
  provider.apidemo - *terraform.NodeApplyableProvider
meta.count-boundary (count boundary fixup) - *terraform.NodeCountBoundary
  apidemo_entry.entry - *terraform.NodeApplyableResource
  provider.apidemo - *terraform.NodeApplyableProvider
provider.apidemo - *terraform.NodeApplyableProvider
2020/04/18 22:11:51 [TRACE] Graph after step *terraform.CloseProviderTransformer:

apidemo_entry.entry - *terraform.NodeApplyableResource
  provider.apidemo - *terraform.NodeApplyableProvider
meta.count-boundary (count boundary fixup) - *terraform.NodeCountBoundary
  apidemo_entry.entry - *terraform.NodeApplyableResource
  provider.apidemo - *terraform.NodeApplyableProvider
provider.apidemo - *terraform.NodeApplyableProvider
provider.apidemo (close) - *terraform.graphNodeCloseProvider
  apidemo_entry.entry - *terraform.NodeApplyableResource
  provider.apidemo - *terraform.NodeApplyableProvider
2020/04/18 22:11:51 [TRACE] Graph after step *terraform.CloseProvisionerTransformer:

apidemo_entry.entry - *terraform.NodeApplyableResource
  provider.apidemo - *terraform.NodeApplyableProvider
meta.count-boundary (count boundary fixup) - *terraform.NodeCountBoundary
  apidemo_entry.entry - *terraform.NodeApplyableResource
  provider.apidemo - *terraform.NodeApplyableProvider
provider.apidemo - *terraform.NodeApplyableProvider
provider.apidemo (close) - *terraform.graphNodeCloseProvider
  apidemo_entry.entry - *terraform.NodeApplyableResource
  provider.apidemo - *terraform.NodeApplyableProvider
2020/04/18 22:11:51 [TRACE] Graph after step *terraform.RootTransformer:

apidemo_entry.entry - *terraform.NodeApplyableResource
  provider.apidemo - *terraform.NodeApplyableProvider
meta.count-boundary (count boundary fixup) - *terraform.NodeCountBoundary
  apidemo_entry.entry - *terraform.NodeApplyableResource
  provider.apidemo - *terraform.NodeApplyableProvider
provider.apidemo - *terraform.NodeApplyableProvider
provider.apidemo (close) - *terraform.graphNodeCloseProvider
  apidemo_entry.entry - *terraform.NodeApplyableResource
  provider.apidemo - *terraform.NodeApplyableProvider
root - terraform.graphNodeRoot
  meta.count-boundary (count boundary fixup) - *terraform.NodeCountBoundary
  provider.apidemo (close) - *terraform.graphNodeCloseProvider
2020/04/18 22:11:51 [TRACE] Graph after step *terraform.TransitiveReductionTransformer:

apidemo_entry.entry - *terraform.NodeApplyableResource
  provider.apidemo - *terraform.NodeApplyableProvider
meta.count-boundary (count boundary fixup) - *terraform.NodeCountBoundary
  apidemo_entry.entry - *terraform.NodeApplyableResource
provider.apidemo - *terraform.NodeApplyableProvider
provider.apidemo (close) - *terraform.graphNodeCloseProvider
  apidemo_entry.entry - *terraform.NodeApplyableResource
root - terraform.graphNodeRoot
  meta.count-boundary (count boundary fixup) - *terraform.NodeCountBoundary
  provider.apidemo (close) - *terraform.graphNodeCloseProvider
2020/04/18 22:11:51 [DEBUG] Starting graph walk: walkApply
2020/04/18 22:11:51 [TRACE] dag/walk: added new vertex: "meta.count-boundary (count boundary fixup)"
2020/04/18 22:11:51 [TRACE] dag/walk: added new vertex: "provider.apidemo (close)"
2020/04/18 22:11:51 [TRACE] dag/walk: added new vertex: "root"
2020/04/18 22:11:51 [TRACE] dag/walk: added new vertex: "apidemo_entry.entry"
2020/04/18 22:11:51 [TRACE] dag/walk: added new vertex: "provider.apidemo"
2020/04/18 22:11:51 [TRACE] dag/walk: added edge: "root" waiting on "meta.count-boundary (count boundary fixup)"
2020/04/18 22:11:51 [TRACE] dag/walk: added edge: "root" waiting on "provider.apidemo (close)"
2020/04/18 22:11:51 [TRACE] dag/walk: added edge: "apidemo_entry.entry" waiting on "provider.apidemo"
2020/04/18 22:11:51 [TRACE] dag/walk: added edge: "meta.count-boundary (count boundary fixup)" waiting on "apidemo_entry.entry"
2020/04/18 22:11:51 [TRACE] dag/walk: added edge: "provider.apidemo (close)" waiting on "apidemo_entry.entry"
2020/04/18 22:11:51 [TRACE] dag/walk: dependencies changed for "meta.count-boundary (count boundary fixup)", sending new deps
2020/04/18 22:11:51 [TRACE] dag/walk: dependencies changed for "provider.apidemo (close)", sending new deps
2020/04/18 22:11:51 [TRACE] dag/walk: dependencies changed for "root", sending new deps
2020/04/18 22:11:51 [TRACE] dag/walk: dependencies changed for "apidemo_entry.entry", sending new deps
2020/04/18 22:11:51 [TRACE] dag/walk: walking "provider.apidemo"
2020/04/18 22:11:51 [TRACE] vertex 'root.provider.apidemo': walking
2020/04/18 22:11:51 [TRACE] vertex 'root.provider.apidemo': evaluating
2020/04/18 22:11:51 [TRACE] [walkApply] Entering eval tree: provider.apidemo
2020/04/18 22:11:51 [TRACE] root: eval: *terraform.EvalSequence
2020/04/18 22:11:51 [TRACE] root: eval: *terraform.EvalInitProvider
2020/04/18 22:11:51 [TRACE] root: eval: terraform.EvalNoop
2020/04/18 22:11:51 [TRACE] root: eval: terraform.EvalNoop
2020/04/18 22:11:51 [TRACE] root: eval: *terraform.EvalOpFilter
2020/04/18 22:11:51 [TRACE] root: eval: *terraform.EvalSequence
2020/04/18 22:11:51 [TRACE] root: eval: *terraform.EvalGetProvider
2020/04/18 22:11:51 [TRACE] root: eval: *terraform.EvalInterpolateProvider
2020/04/18 22:11:51 [TRACE] root: eval: *terraform.EvalBuildProviderConfig
2020/04/18 22:11:51 [TRACE] root: eval: *terraform.EvalOpFilter
2020/04/18 22:11:51 [TRACE] root: eval: *terraform.EvalSequence
2020/04/18 22:11:51 [TRACE] root: eval: *terraform.EvalConfigProvider
2020/04/18 22:11:51 [TRACE] [walkApply] Exiting eval tree: provider.apidemo
2020/04/18 22:11:51 [TRACE] dag/walk: walking "apidemo_entry.entry"
2020/04/18 22:11:51 [TRACE] vertex 'root.apidemo_entry.entry': walking
2020/04/18 22:11:51 [TRACE] vertex 'root.apidemo_entry.entry': evaluating
2020/04/18 22:11:51 [TRACE] [walkApply] Entering eval tree: apidemo_entry.entry
2020/04/18 22:11:51 [TRACE] root: eval: *terraform.EvalSequence
2020/04/18 22:11:51 [TRACE] root: eval: *terraform.EvalInstanceInfo
2020/04/18 22:11:51 [TRACE] root: eval: *terraform.EvalReadDiff
2020/04/18 22:11:51 [TRACE] root: eval: *terraform.EvalIf
2020/04/18 22:11:51 [TRACE] root: eval: terraform.EvalNoop
2020/04/18 22:11:51 [TRACE] root: eval: *terraform.EvalIf
2020/04/18 22:11:51 [TRACE] root: eval: *terraform.EvalInterpolate
2020/04/18 22:11:51 [TRACE] root: eval: *terraform.EvalInterpolate
2020/04/18 22:11:51 [TRACE] root: eval: *terraform.EvalGetProvider
2020/04/18 22:11:51 [TRACE] root: eval: *terraform.EvalReadState
2020/04/18 22:11:51 [TRACE] root: eval: *terraform.EvalValidateResource
2020/04/18 22:11:51 [TRACE] root: eval: *terraform.EvalDiff
2020/04/18 22:11:51 [TRACE] root: eval: *terraform.EvalReadDiff
2020/04/18 22:11:51 [TRACE] root: eval: *terraform.EvalCompareDiff
2020/04/18 22:11:51 [TRACE] root: eval: *terraform.EvalGetProvider
2020/04/18 22:11:51 [TRACE] root: eval: *terraform.EvalReadState
2020/04/18 22:11:51 [TRACE] root: eval: *terraform.EvalApplyPre
2020/04/18 22:11:51 [TRACE] root: eval: *terraform.EvalApply
2020/04/18 22:11:51 [DEBUG] apply: apidemo_entry.entry: executing Apply
2020-04-18T22:11:51.110-0400 [DEBUG] plugin.terraform-provider-apidemo: panic: runtime error: invalid memory address or nil pointer dereference
2020-04-18T22:11:51.110-0400 [DEBUG] plugin.terraform-provider-apidemo: [signal SIGSEGV: segmentation violation code=0x1 addr=0x40 pc=0x19a3c20]
2020-04-18T22:11:51.110-0400 [DEBUG] plugin.terraform-provider-apidemo: 
2020-04-18T22:11:51.110-0400 [DEBUG] plugin.terraform-provider-apidemo: goroutine 79 [running]:
2020-04-18T22:11:51.110-0400 [DEBUG] plugin.terraform-provider-apidemo: main.resourceServerCreate(0xc000361730, 0x1b28100, 0xc0006b2fc0, 0x0, 0x0)
2020-04-18T22:11:51.110-0400 [DEBUG] plugin.terraform-provider-apidemo: 	/Users/alykhimji/go/src/github.com/alyarctiq/terraform-provider-apidemo/resource_server.go:69 +0x4f0
2020-04-18T22:11:51.110-0400 [DEBUG] plugin.terraform-provider-apidemo: github.com/hashicorp/terraform-plugin-sdk/helper/schema.(*Resource).Apply(0xc00015c000, 0xc000692910, 0xc0000adbe0, 0x1b28100, 0xc0006b2fc0, 0xc0006b2c01, 0xc000071bd0, 0x100e3c6)
2020-04-18T22:11:51.110-0400 [DEBUG] plugin.terraform-provider-apidemo: 	/Users/alykhimji/go/pkg/mod/github.com/hashicorp/terraform-plugin-sdk@v1.9.1/helper/schema/resource.go:310 +0x365
2020-04-18T22:11:51.110-0400 [DEBUG] plugin.terraform-provider-apidemo: github.com/hashicorp/terraform-plugin-sdk/helper/schema.(*Provider).Apply(0xc0000ae280, 0xc0000ab140, 0xc000692910, 0xc0000adbe0, 0xc0006b38f0, 0xc0001a1e90, 0x18)
2020-04-18T22:11:51.110-0400 [DEBUG] plugin.terraform-provider-apidemo: 	/Users/alykhimji/go/pkg/mod/github.com/hashicorp/terraform-plugin-sdk@v1.9.1/helper/schema/provider.go:294 +0x99
2020-04-18T22:11:51.110-0400 [DEBUG] plugin.terraform-provider-apidemo: github.com/hashicorp/terraform-plugin-sdk/plugin.(*ResourceProviderServer).Apply(0xc00057a1a0, 0xc0000ad7c0, 0xc000795620, 0x0, 0x0)
2020-04-18T22:11:51.110-0400 [DEBUG] plugin.terraform-provider-apidemo: 	/Users/alykhimji/go/pkg/mod/github.com/hashicorp/terraform-plugin-sdk@v1.9.1/plugin/resource_provider.go:530 +0x57
2020-04-18T22:11:51.111-0400 [DEBUG] plugin.terraform-provider-apidemo: reflect.Value.call(0xc0002011a0, 0xc000124de8, 0x13, 0x1beeae7, 0x4, 0xc000071f08, 0x3, 0x3, 0x148ccd0, 0xc0003a6240, ...)
2020-04-18T22:11:51.111-0400 [DEBUG] plugin.terraform-provider-apidemo: 	/usr/local/Cellar/go/1.14.1/libexec/src/reflect/value.go:460 +0x8ab
2020-04-18T22:11:51.111-0400 [DEBUG] plugin.terraform-provider-apidemo: reflect.Value.Call(0xc0002011a0, 0xc000124de8, 0x13, 0xc00056cf08, 0x3, 0x3, 0xc00056cec0, 0x1, 0x0)
2020-04-18T22:11:51.111-0400 [DEBUG] plugin.terraform-provider-apidemo: 	/usr/local/Cellar/go/1.14.1/libexec/src/reflect/value.go:321 +0xb4
2020-04-18T22:11:51.111-0400 [DEBUG] plugin.terraform-provider-apidemo: net/rpc.(*service).call(0xc000149c40, 0xc0006926e0, 0xc000038d30, 0xc000038d40, 0xc000188a00, 0xc0000ad100, 0x1a0e1a0, 0xc0000ad7c0, 0x16, 0x1a0e1e0, ...)
2020-04-18T22:11:51.111-0400 [DEBUG] plugin.terraform-provider-apidemo: 	/usr/local/Cellar/go/1.14.1/libexec/src/net/rpc/server.go:377 +0x17f
2020-04-18T22:11:51.111-0400 [DEBUG] plugin.terraform-provider-apidemo: created by net/rpc.(*Server).ServeCodec
2020-04-18T22:11:51.111-0400 [DEBUG] plugin.terraform-provider-apidemo: 	/usr/local/Cellar/go/1.14.1/libexec/src/net/rpc/server.go:474 +0x42b
2020/04/18 22:11:51 [TRACE] root: eval: *terraform.EvalWriteState
2020/04/18 22:11:51 [TRACE] root: eval: *terraform.EvalApplyProvisioners
2020/04/18 22:11:51 [TRACE] root: eval: *terraform.EvalIf
2020/04/18 22:11:51 [TRACE] root: eval: *terraform.EvalWriteState
2020/04/18 22:11:51 [TRACE] root: eval: *terraform.EvalWriteDiff
2020/04/18 22:11:51 [TRACE] root: eval: *terraform.EvalApplyPost
2020/04/18 22:11:51 [ERROR] root: eval: *terraform.EvalApplyPost, err: 1 error(s) occurred:

* apidemo_entry.entry: unexpected EOF
2020/04/18 22:11:51 [ERROR] root: eval: *terraform.EvalSequence, err: 1 error(s) occurred:

* apidemo_entry.entry: unexpected EOF
2020/04/18 22:11:51 [TRACE] [walkApply] Exiting eval tree: apidemo_entry.entry
2020/04/18 22:11:51 [TRACE] dag/walk: upstream errored, not walking "meta.count-boundary (count boundary fixup)"
2020/04/18 22:11:51 [TRACE] dag/walk: upstream errored, not walking "provider.apidemo (close)"
2020/04/18 22:11:51 [TRACE] dag/walk: upstream errored, not walking "root"
2020-04-18T22:11:51.113-0400 [DEBUG] plugin: plugin process exited: path=/Users/alykhimji/go/src/github.com/alyarctiq/terraform-provider-apidemo/tf/terraform-provider-apidemo
2020/04/18 22:11:51 [TRACE] Preserving existing state lineage "d023d67a-4a2e-9e83-ad2a-935908ac9126"
2020/04/18 22:11:51 [TRACE] Preserving existing state lineage "d023d67a-4a2e-9e83-ad2a-935908ac9126"
2020/04/18 22:11:51 [TRACE] Preserving existing state lineage "d023d67a-4a2e-9e83-ad2a-935908ac9126"
2020/04/18 22:11:51 [TRACE] Preserving existing state lineage "d023d67a-4a2e-9e83-ad2a-935908ac9126"
2020/04/18 22:11:51 [DEBUG] plugin: waiting for all plugin processes to complete...
2020-04-18T22:11:51.115-0400 [WARN ] plugin: error closing client during Kill: err="connection is shut down"
